<?xml version="1.0" encoding="UTF-8"?>
<!-- Generated by org.testng.reporters.JUnitReportReporter -->
<testsuite skipped="0" hostname="VABW7312272" name="com.application.testcases.TC01_SearchBooks" tests="1" failures="0" timestamp="22 Aug 2019 07:33:43 GMT" time="46.514" errors="0">
  <testcase name="searchBooksAndPrintDetails" time="46.514" classname="com.application.testcases.TC01_SearchBooks"/>
</testsuite> <!-- com.application.testcases.TC01_SearchBooks -->
